Removed Pin From Net: NetName=GND Pin=CON1-0
Removed Pin From Net: NetName=GND Pin=CON1-0
Removed Pin From Net: NetName=LCD_BL Pin=R1-1
Removed Pin From Net: NetName=NetQ1_1 Pin=R1-2
Removed Pin From Net: NetName=VDD_5V Pin=R2-2
Removed Pin From Net: NetName=3V3 Pin=R3-2
Removed Pin From Net: NetName=NetR3_1 Pin=R4-1
Removed Pin From Net: NetName=FB Pin=R4-2
Removed Pin From Net: NetName=NetR3_1 Pin=R5-1
Removed Pin From Net: NetName=NetR2_1 Pin=U1-5
Change Component Footprint: Designator=C1 Old Footprint=C 0402_L New Footprint=CAP_0603
Change Component Footprint: Designator=C2 Old Footprint=C 0402_L New Footprint=CAP_0603
Change Component Footprint: Designator=R1 Old Footprint=RES_0402 New Footprint=RES_0603
Change Component Footprint: Designator=R2 Old Footprint=RES_0402 New Footprint=RES_0603
Change Component Footprint: Designator=R3 Old Footprint=RES_0402 New Footprint=RES_0603
Change Component Footprint: Designator=R4 Old Footprint=RES_0402 New Footprint=RES_0603
Change Component Footprint: Designator=R5 Old Footprint=RES_0402 New Footprint=RES_0603
Change Component Comment : Designator=R1 Old Comment=1K New Comment=100K
Change Component Comment : Designator=R5 Old Comment=13K New Comment=13K/2
Change Component Comment : Designator=R3 Old Comment=40.2K New Comment=40.2K/3
Change Component Comment : Designator=R4 Old Comment=40.2K New Comment=40.2K/3
Change Component Comment : Designator=R2 Old Comment=100K New Comment=40.2K/3
Change Component Designator: OldDesignator=C3 NewDesignator=C4
Change Component Designator: OldDesignator=C4 NewDesignator=C3
Change Component Designator: OldDesignator=C5 NewDesignator=C7
Change component parameters: Designator = "R1"; Footprint = "RES_0603"; UniqueID = "\UDOVAQSE"
Change component parameters. Clean all parameters for all variants
Change component parameters: Designator = "R2"; Footprint = "RES_0603"; UniqueID = "\VFCIXHMQ"
Change component parameters. Clean all parameters for all variants
Change component parameters: Designator = "R3"; Footprint = "RES_0603"; UniqueID = "\EPKOJXYJ"
Change component parameters. Clean all parameters for all variants
Change component parameters: Designator = "R4"; Footprint = "RES_0603"; UniqueID = "\QFPTCKCH"
Change component parameters. Clean all parameters for all variants
Change component parameters: Designator = "R5"; Footprint = "RES_0603"; UniqueID = "\JNUJUDOO"
Change component parameters. Clean all parameters for all variants
Change component parameters: Designator = "C1"; Footprint = "CAP_0603"; UniqueID = "\UVCGDMIK"
Change component parameters. Clean all parameters for all variants
Change component parameters: Designator = "C2"; Footprint = "CAP_0603"; UniqueID = "\PQAJALQN"
Change component parameters. Clean all parameters for all variants
Added Component: Designator=C5(CAP_0603)
Add component. Clean all parameters for all variants
Added Component: Designator=C6(CAP_0603)
Add component. Clean all parameters for all variants
Added Component: Designator=R6(RES_0603)
Add component. Clean all parameters for all variants
Added Component: Designator=R7(RES_0603)
Add component. Clean all parameters for all variants
Added Component: Designator=R8(RES_0603)
Add component. Clean all parameters for all variants
Added Component: Designator=R9(RES_0603)
Add component. Clean all parameters for all variants
Added Component: Designator=R10(RES_0603)
Add component. Clean all parameters for all variants
Added Pin To Net: NetName=GND Pin=C5-1
Added Pin To Net: NetName=3V3 Pin=C5-2
Added Pin To Net: NetName=GND Pin=C6-1
Added Pin To Net: NetName=3V3 Pin=C6-2
Added Pin To Net: NetName=VDD_5V Pin=R1-1
Added Pin To Net: NetName=3V3 Pin=R2-2
Added Pin To Net: NetName=NetR2_1 Pin=R3-2
Added Pin To Net: NetName=NetR3_1 Pin=R4-2
Added Pin To Net: NetName=FB Pin=R9-1
Added Pin To Net: NetName=NetQ1_1 Pin=R10-1
Added Pin To Net: NetName=LCD_BL Pin=R10-2
Added Pin To Net: NetName=NetR1_2 Pin=R1-2
Added Pin To Net: NetName=NetR1_2 Pin=U1-5
Added Net: Name=NetR1_2
Added Pin To Net: NetName=NetR4_1 Pin=R4-1
Added Pin To Net: NetName=NetR4_1 Pin=R6-1
Added Pin To Net: NetName=NetR4_1 Pin=R7-2
Added Net: Name=NetR4_1
Added Pin To Net: NetName=NetR5_1 Pin=R5-1
Added Pin To Net: NetName=NetR5_1 Pin=R6-2
Added Net: Name=NetR5_1
Added Pin To Net: NetName=NetR7_1 Pin=R7-1
Added Pin To Net: NetName=NetR7_1 Pin=R8-2
Added Net: Name=NetR7_1
Added Pin To Net: NetName=NetR8_1 Pin=R8-1
Added Pin To Net: NetName=NetR8_1 Pin=R9-2
Added Net: Name=NetR8_1
Added Member To Class: ClassName=Main Member=Component C6 22uF
Added Member To Class: ClassName=Main Member=Component C7 22uF
Added Member To Class: ClassName=Main Member=Component R6 13K/2
Added Member To Class: ClassName=Main Member=Component R7 40.2K/3
Added Member To Class: ClassName=Main Member=Component R8 40.2K/3
Added Member To Class: ClassName=Main Member=Component R9 40.2K/3
Added Member To Class: ClassName=Main Member=Component R10 1K
Added Room: Name=Main
