Removed Pin From Net: NetName=GND Pin=C1-1
Removed Pin From Net: NetName=GND Pin=C6-2
Removed Pin From Net: NetName=EN Pin=C7-1
Removed Pin From Net: NetName=GND Pin=C7-2
Removed Pin From Net: NetName=GND Pin=C10-1
Removed Pin From Net: NetName=GND Pin=C11-2
Removed Pin From Net: NetName=GND Pin=CON1-0
Removed Pin From Net: NetName=GND Pin=CON1-0
Removed Pin From Net: NetName=VDD_5V Pin=D1-1
Removed Pin From Net: NetName=GND Pin=D1-3
Removed Pin From Net: NetName=GPIO27 Pin=D1-4
Removed Pin From Net: NetName=GND Pin=J1-0
Removed Pin From Net: NetName=GND Pin=J1-0
Removed Pin From Net: NetName=GND Pin=J1-0
Removed Pin From Net: NetName=GND Pin=J1-0
Removed Pin From Net: NetName=3V3A Pin=R2-2
Removed Pin From Net: NetName=3V3A Pin=R6-1
Removed Pin From Net: NetName=EN Pin=R6-2
Removed Pin From Net: NetName=GND Pin=U3-
Removed Pin From Net: NetName=GND Pin=U5-2
Removed Pin From Net: NetName=GND Pin=U5-3
Removed Pin From Net: NetName=BH_SDA Pin=U5-4
Removed Pin From Net: NetName=BH_SCL Pin=U5-6
Removed Pin From Net: NetName=GND Pin=USB1-1
Removed Pin From Net: NetName=GND Pin=USB1-2
Removed Pin From Net: NetName=GND Pin=USB1-3
Removed Pin From Net: NetName=GND Pin=USB1-4
Removed Pin From Net: NetName=GND Pin=USB1-A1
Removed Pin From Net: NetName=VDD_5V Pin=USB1-A4
Removed Pin From Net: NetName=VDD_5V Pin=USB1-A9
Removed Pin From Net: NetName=GND Pin=USB1-A12
Removed Pin From Net: NetName=GND Pin=USB1-B1
Removed Pin From Net: NetName=VDD_5V Pin=USB1-B4
Removed Pin From Net: NetName=VDD_5V Pin=USB1-B9
Removed Pin From Net: NetName=GND Pin=USB1-B12
Change Component Footprint: Designator=C2 Old Footprint=CAP_0402 New Footprint=CAP_0603
Change Component Footprint: Designator=C3 Old Footprint=CAP_0402 New Footprint=CAP_0603
Change Component Footprint: Designator=C4 Old Footprint=CAP_0402 New Footprint=CAP_0603
Change Component Footprint: Designator=C5 Old Footprint=CAP_0402 New Footprint=CAP_0603
Change Component Footprint: Designator=C6 Old Footprint=CAP_0402 New Footprint=CAP_0603
Change Component Footprint: Designator=C7 Old Footprint=CAP_0402 New Footprint=CAP_0603
Change Component Footprint: Designator=C8 Old Footprint=CAP_0402 New Footprint=CAP_0603
Change Component Footprint: Designator=C9 Old Footprint=CAP_0402 New Footprint=CAP_0603
Change Component Footprint: Designator=C10 Old Footprint=CAP_0402 New Footprint=CAP_0603
Change Component Footprint: Designator=R1 Old Footprint=RES_0402 New Footprint=RES_0603
Change Component Footprint: Designator=R3 Old Footprint=RES_0402 New Footprint=RES_0603
Change Component Footprint: Designator=R4 Old Footprint=RES_0402 New Footprint=RES_0603
Change Component Footprint: Designator=R5 Old Footprint=RES_0402 New Footprint=RES_0603
Change Component Footprint: Designator=R6 Old Footprint=RES_0402 New Footprint=RES_0603
Change Component Footprint: Designator=R7 Old Footprint=RES_0402 New Footprint=RES_0603
Change Component Footprint: Designator=R8 Old Footprint=RES_0402 New Footprint=RES_0603
Change Component Footprint: Designator=R9 Old Footprint=RES_0402 New Footprint=RES_0603
Change Component Footprint: Designator=R10 Old Footprint=RES_0402 New Footprint=RES_0603
Change Component Footprint: Designator=J1 Old Footprint=TF_F New Footprint=TF-Card-Amphenol with TF
Change Component Footprint: Designator=USB1 Old Footprint=Type-C-TOP New Footprint=TypeC-304-16BCP
Change Component Comment : Designator=C8 Old Comment=0.1uF New Comment=104
Change Component Comment : Designator=C10 Old Comment=0.1uF New Comment=104
Change Component Comment : Designator=C3 Old Comment=10nF New Comment=10uF
Change Component Comment : Designator=C6 Old Comment=10nF New Comment=103
Change Component Comment : Designator=C7 Old Comment=10uF New Comment=1uF
Change Component Comment : Designator=A1 Old Comment=AN2051 New Comment=RAINSUN
Change Component Comment : Designator=U2 Old Comment=ME6211C33 3V3 New Comment=ME6211C33
Change Component Comment : Designator=USB1 Old Comment=Type-C 16P New Comment=Type-C
Change Component Comment : Designator=D1 Old Comment=WS2812B New Comment=RGB
Change component parameters: Designator = "C2"; Footprint = "CAP_0603"; UniqueID = "\FUIENHEH"
Change component parameters. Clean all parameters for all variants
Change component parameters: Designator = "C3"; Footprint = "CAP_0603"; UniqueID = "\WQANITFX"
Change component parameters. Clean all parameters for all variants
Change component parameters: Designator = "C4"; Footprint = "CAP_0603"; UniqueID = "\XRKYEGGE"
Change component parameters. Clean all parameters for all variants
Change component parameters: Designator = "C5"; Footprint = "CAP_0603"; UniqueID = "\CWPBWFCT"
Change component parameters. Clean all parameters for all variants
Change component parameters: Designator = "C6"; Footprint = "CAP_0603"; UniqueID = "\ODSGCVJY"
Change component parameters. Clean all parameters for all variants
Change component parameters: Designator = "C7"; Footprint = "CAP_0603"; UniqueID = "\KWJBYXAT"
Change component parameters. Clean all parameters for all variants
Change component parameters: Designator = "C8"; Footprint = "CAP_0603"; UniqueID = "\TROMYYVF"
Change component parameters. Clean all parameters for all variants
Change component parameters: Designator = "C9"; Footprint = "CAP_0603"; UniqueID = "\JRATJGJQ"
Change component parameters. Clean all parameters for all variants
Change component parameters: Designator = "C10"; Footprint = "CAP_0603"; UniqueID = "\HUMKFPGX"
Change component parameters. Clean all parameters for all variants
Change component parameters: Designator = "R1"; Footprint = "RES_0603"; UniqueID = "\WBXIIFKA"
Change component parameters. Clean all parameters for all variants
Change component parameters: Designator = "R3"; Footprint = "RES_0603"; UniqueID = "\OTFJQUAT"
Change component parameters. Clean all parameters for all variants
Change component parameters: Designator = "R4"; Footprint = "RES_0603"; UniqueID = "\MFTVJATE"
Change component parameters. Clean all parameters for all variants
Change component parameters: Designator = "R5"; Footprint = "RES_0603"; UniqueID = "\DXBOIQMD"
Change component parameters. Clean all parameters for all variants
Change component parameters: Designator = "R6"; Footprint = "RES_0603"; UniqueID = "\OMAAWJYQ"
Change component parameters. Clean all parameters for all variants
Change component parameters: Designator = "R7"; Footprint = "RES_0603"; UniqueID = "\MEJSUXKJ"
Change component parameters. Clean all parameters for all variants
Change component parameters: Designator = "R8"; Footprint = "RES_0603"; UniqueID = "\SBHDVJRE"
Change component parameters. Clean all parameters for all variants
Change component parameters: Designator = "R9"; Footprint = "RES_0603"; UniqueID = "\WWGJURGY"
Change component parameters. Clean all parameters for all variants
Change component parameters: Designator = "R10"; Footprint = "RES_0603"; UniqueID = "\YOYWVFRX"
Change component parameters. Clean all parameters for all variants
Change component parameters: Designator = "D1"; Footprint = "LED_WS2812_CE"; UniqueID = "\MAWRUQBH"
Change component parameters. Clean all parameters for all variants
Change component parameters (AddParameter): Name = "Type"; Value = "5050"; VariantName = "[No Variations]"
Change component parameters (AddParameter): Name = "Value"; Value = "RGB"; VariantName = "[No Variations]"
Added Pin To Net: NetName=3V3A Pin=C2-2
Added Pin To Net: NetName=GND Pin=C6-1
Added Pin To Net: NetName=GND Pin=C7-1
Added Pin To Net: NetName=EN Pin=C7-2
Added Pin To Net: NetName=3V3A Pin=C10-1
Added Pin To Net: NetName=GND Pin=C10-2
Added Pin To Net: NetName=3V3A Pin=CON1-7
Added Pin To Net: NetName=GPIO27 Pin=D1-1
Added Pin To Net: NetName=VDD_5V Pin=D1-2
Added Pin To Net: NetName=GND Pin=D1-4
Added Pin To Net: NetName=3V3A Pin=J1-4
Added Pin To Net: NetName=GND Pin=J1-9
Added Pin To Net: NetName=GND Pin=J1-S1
Added Pin To Net: NetName=GND Pin=J1-S2
Added Pin To Net: NetName=GND Pin=J1-S3
Added Pin To Net: NetName=GND Pin=J1-S4
Added Pin To Net: NetName=EN Pin=R6-1
Added Pin To Net: NetName=3V3A Pin=R6-2
Added Pin To Net: NetName=3V3A Pin=R7-1
Added Pin To Net: NetName=3V3A Pin=R8-1
Added Pin To Net: NetName=3V3A Pin=R9-1
Added Pin To Net: NetName=3V3A Pin=R10-1
Added Pin To Net: NetName=3V3A Pin=U2-5
Added Pin To Net: NetName=3V3A Pin=U3-8
Added Pin To Net: NetName=3V3A Pin=U3-13
Added Pin To Net: NetName=GND Pin=USB1-13
Added Pin To Net: NetName=GND Pin=USB1-14
Added Pin To Net: NetName=GND Pin=USB1-15
Added Pin To Net: NetName=GND Pin=USB1-16
Added Pin To Net: NetName=GND Pin=USB1-A1B12
Added Pin To Net: NetName=VDD_5V Pin=USB1-A4B9
Added Pin To Net: NetName=GND Pin=USB1-B1A12
Added Pin To Net: NetName=VDD_5V Pin=USB1-B4A9
Change Net Name : Old Net Name=3V3A New Net Name=3V3
Added Member To Class: ClassName=Main Member=Component C2 10uF
Added Member To Class: ClassName=Main Member=Component C3 10uF
Added Member To Class: ClassName=Main Member=Component C4 10uF
Added Member To Class: ClassName=Main Member=Component D1 RGB
Added Member To Class: ClassName=Main Member=Component U2 ME6211C33
Added Room: Name=Main
